[02.02.2021 10:47:38] Ctrl
[02.02.2021 10:47:38] Ctrl
[02.02.2021 10:47:38] Ctrl
[02.02.2021 10:47:38] Ctrl
[02.02.2021 10:47:39] Ctrl
[02.02.2021 10:47:39] Ctrl
[02.02.2021 10:47:40] Shift
[02.02.2021 10:47:41] Shift + Ctrl
[02.02.2021 10:47:45] Ctrl + Shift + C
[02.02.2021 10:47:48] W
[02.02.2021 10:47:49] A
[02.02.2021 10:47:49] S
[02.02.2021 10:47:49] Space
[02.02.2021 10:47:49] G
[02.02.2021 10:47:49] E
[02.02.2021 10:47:49] H
[02.02.2021 10:47:49] T
[02.02.2021 10:47:54] K
[02.02.2021 10:47:54] L
[02.02.2021 10:47:54] S
[02.02.2021 10:47:54] A
[02.02.2021 10:47:54] D
